Name                Stmts   Miss  Cover   Missing
-------------------------------------------------
expenses/views.py    1537    581    62%   44-74, 81-119, 127-158, 164-165, 185, 228, 239-242, 300-303, 325-328, 335, 358-361, 380-389, 404, 407, 412-415, 439, 482-483, 490-491, 538, 594-600, 615-616, 628, 639-641, 654-655, 668-669, 676-677, 685, 693-694, 702-704, 715-722, 745-746, 749-760, 777-786, 794-795, 814-816, 822-842, 854-863, 875-893, 904, 972-977, 985-1085, 1111-1114, 1137, 1142, 1145, 1150, 1152, 1187-1189, 1225-1239, 1253, 1255-1258, 1269, 1278-1280, 1285-1287, 1297-1298, 1308, 1318, 1329-1333, 1336-1338, 1347-1358, 1362-1378, 1387-1390, 1393-1395, 1398, 1401-1413, 1421, 1430-1431, 1450-1453, 1474, 1476, 1528-1538, 1542, 1578-1580, 1585, 1589-1591, 1603, 1612-1614, 1622-1624, 1652-1655, 1664, 1677-1679, 1782, 1798-1799, 1811-1812, 1836-1846, 1849-1972, 1999-2000, 2007-2010, 2013-2015, 2020, 2024-2026, 2037, 2041-2043, 2061, 2063, 2067, 2075, 2079, 2096, 2098, 2102, 2106, 2161, 2172-2173, 2176-2184, 2193, 2196-2199, 2202-2203, 2218-2220, 2233, 2267, 2282, 2285, 2299, 2304, 2310, 2314, 2328-2329, 2342-2343, 2349-2350, 2355-2356, 2360-2361, 2388-2391, 2398-2404, 2430, 2434-2440, 2448-2464, 2515-2521, 2524-2530, 2546, 2579
-------------------------------------------------
TOTAL                1537    581    62%
